0 info it worked if it ends with ok
1 verbose cli [ 'C:\\Program Files\\nodejs\\node.exe',
1 verbose cli   'C:\\Program Files\\nodejs\\node_modules\\npm\\bin\\npm-cli.js',
1 verbose cli   'start' ]
2 info using npm@3.10.10
3 info using node@v6.11.0
4 verbose run-script [ 'prestart', 'start', 'poststart' ]
5 info lifecycle md-free-angular-cli@1.4.2~prestart: md-free-angular-cli@1.4.2
6 silly lifecycle md-free-angular-cli@1.4.2~prestart: no script for prestart, continuing
7 info lifecycle md-free-angular-cli@1.4.2~start: md-free-angular-cli@1.4.2
8 verbose lifecycle md-free-angular-cli@1.4.2~start: unsafe-perm in lifecycle true
9 verbose lifecycle md-free-angular-cli@1.4.2~start: PATH: C:\Program Files\nodejs\node_modules\npm\bin\node-gyp-bin;E:\CLIENTS\RD\sbo.api\Client\sbo-app\node_modules\.bin;;C:\ProgramData\Oracle\Java\javapath;C:\WINDOWS\system32;C:\WINDOWS;C:\WINDOWS\System32\Wbem;C:\WINDOWS\System32\WindowsPowerShell\v1.0\;C:\Program Files (x86)\Intel\OpenCL SDK\2.0\bin\x86;C:\Program Files (x86)\Intel\OpenCL SDK\2.0\bin\x64;C:\Program Files\Microsoft SQL Server\110\DTS\Binn\;C:\Program Files (x86)\Microsoft SQL Server\110\Tools\Binn\;C:\Program Files\Microsoft SQL Server\110\Tools\Binn\;C:\Program Files (x86)\Microsoft SQL Server\110\Tools\Binn\ManagementStudio\;C:\Program Files (x86)\Microsoft Visual Studio 10.0\Common7\IDE\PrivateAssemblies\;C:\Program Files (x86)\Microsoft SQL Server\110\DTS\Binn\;C:\Program Files (x86)\Windows Kits\8.1\Windows Performance Toolkit\;C:\Program Files (x86)\Microsoft SDKs\TypeScript\1.0\;C:\Program Files\Microsoft SQL Server\120\Tools\Binn\;C:\Program Files (x86)\MySQL\MySQL Fabric 1.5.2 & MySQL Utilities 1.5.2 1.5\;C:\Program Files (x86)\MySQL\MySQL Fabric 1.5.2 & MySQL Utilities 1.5.2 1.5\Doctrine extensions for PHP\;D:\Program Files\TortoiseSVN\bin;C:\Program Files (x86)\ATI Technologies\ATI.ACE\Core-Static;C:\Program Files\Microsoft SQL Server\130\Tools\Binn\;C:\Program Files (x86)\SAP\SAP Business One Integration\IntegrationServer\Tomcat\webapps\B1iXcellerator\WEB-INF\lib;C:\Program Files\nodejs\;C:\Program Files (x86)\SAP\SAP Business One DI API\JCO\LIB\;C:\Program Files (x86)\SAP\SAP Business One DI API\DI API 90;C:\Program Files\SlikSvn\bin;C:\Program Files\SAP\SAP Business One DI API\JCO\LIB\;C:\Program Files\SAP\SAP Business One DI API\DI API 90;C:\Program Files\Git\cmd;C:\Program Files (x86)\SAP\SAP Business One ServerTools\LicenseHTTPS\webapps\lib;C:\Program Files (x86)\SAP\SAP Business One ServerTools\Common\sapjvm_8\jre\bin;C:\Program Files (x86)\SAP\SAP Business One ServerTools\Common\tomcat\bin;C:\Program Files (x86)\SAP\SAP Business One ServerTools\Common\sapjvm_8\jre\bin\server;C:\Program Files (x86)\SAP\SAP Business One\;C:\Program Files\SAP\SAP Business One\;C:\Program Files\dotnet\;C:\ProgramData\Oracle\Java\javapath;C:\WINDOWS\system32;C:\WINDOWS;C:\WINDOWS\System32\Wbem;C:\WINDOWS\System32\WindowsPowerShell\v1.0\;C:\Program Files (x86)\Intel\OpenCL SDK\2.0\bin\x86;C:\Program Files (x86)\Intel\OpenCL SDK\2.0\bin\x64;C:\Program Files\Microsoft SQL Server\110\DTS\Binn\;C:\Program Files (x86)\Microsoft SQL Server\110\Tools\Binn\;C:\Program Files\Microsoft SQL Server\110\Tools\Binn\;C:\Program Files (x86)\Microsoft SQL Server\110\Tools\Binn\ManagementStudio\;C:\Program Files (x86)\Microsoft Visual Studio 10.0\Common7\IDE\PrivateAssemblies\;C:\Program Files (x86)\Microsoft SQL Server\110\DTS\Binn\;C:\Program Files (x86)\SAP\SAP Business One ServerTools\Common\sapjvm_8\jre\bin;C:\Program Files (x86)\SAP\SAP Business One ServerTools\Common\tomcat\bin;C:\Program Files (x86)\SAP\SAP Business One ServerTools\Common\sapjvm_8\jre\bin\server;C:\Program Files\SAP\SAP Business One\;C:\Program Files (x86)\Windows Kits\8.1\Windows Performance Toolkit\;C:\Program Files (x86)\Microsoft SDKs\TypeScript\1.0\;C:\Program Files\Microsoft SQL Server\120\Tools\Binn\;C:\Program Files (x86)\MySQL\MySQL Fabric 1.5.2 & MySQL Utilities 1.5.2 1.5\;C:\Program Files (x86)\MySQL\MySQL Fabric 1.5.2 & MySQL Utilities 1.5.2 1.5\Doctrine extensions for PHP\;D:\Program Files\TortoiseSVN\bin;C:\Program Files (x86)\ATI Technologies\ATI.ACE\Core-Static;C:\Program Files\Microsoft SQL Server\130\Tools\Binn\;C:\Program Files\dotnet\;C:\Program Files (x86)\SAP\SAP Business One Integration\IntegrationServer\Tomcat\webapps\B1iXcellerator\WEB-INF\lib;C:\Program Files\nodejs\;C:\Program Files (x86)\SAP\SAP Business One DI API\JCO\LIB\;C:\Program Files (x86)\SAP\SAP Business One DI API\DI API 90;C:\Program Files (x86)\SAP\SAP Business One\;C:\Program Files\SlikSvn\bin;C:\Program Files\SAP\SAP Business One DI API\JCO\LIB\;C:\Program Files\SAP\SAP Business One DI API\DI API 90;C:\Program Files\Git\cmd;C:\Windows\system32;C:\Windows;C:\Windows\System32\Wbem;C:\Windows\System32\WindowsPowerShell\v1.0\;C:\Users\CHUCKIE\AppData\Local\Microsoft\WindowsApps;C:\Users\CHUCKIE\AppData\Roaming\npm
10 verbose lifecycle md-free-angular-cli@1.4.2~start: CWD: E:\CLIENTS\RD\sbo.api\Client\sbo-app
11 silly lifecycle md-free-angular-cli@1.4.2~start: Args: [ '/d /s /c', 'ng serve' ]
12 verbose stack Error: kill ENOSYS
12 verbose stack     at exports._errnoException (util.js:1018:11)
12 verbose stack     at process.kill (internal/process.js:190:13)
12 verbose stack     at process.listener (C:\Program Files\nodejs\node_modules\npm\node_modules\npmlog\node_modules\gauge\node_modules\signal-exit\index.js:86:15)
12 verbose stack     at emitNone (events.js:91:20)
12 verbose stack     at process.emit (events.js:185:7)
12 verbose stack     at processEmit (C:\Program Files\nodejs\node_modules\npm\node_modules\npmlog\node_modules\gauge\node_modules\signal-exit\index.js:146:32)
12 verbose stack     at processEmit (C:\Program Files\nodejs\node_modules\npm\node_modules\npm-registry-client\node_modules\npmlog\node_modules\gauge\node_modules\signal-exit\index.js:146:32)
12 verbose stack     at Signal.wrap.onsignal (internal/process.js:217:44)
13 verbose cwd E:\CLIENTS\RD\sbo.api\Client\sbo-app
14 error Windows_NT 10.0.15063
15 error argv "C:\\Program Files\\nodejs\\node.exe" "C:\\Program Files\\nodejs\\node_modules\\npm\\bin\\npm-cli.js" "start"
16 error node v6.11.0
17 error npm  v3.10.10
18 error code ENOSYS
19 error errno ENOSYS
20 error syscall kill
21 error kill ENOSYS
22 error If you need help, you may report this error at:
22 error     <https://github.com/npm/npm/issues>
23 verbose exit [ 1, true ]
